2025-09-01T07:44:36.642Z: Starting Django server...
2025-09-01T07:44:36.650Z: isDev: true
2025-09-01T07:44:36.652Z: Django Path: C:\Users\Paul\workspace\code\ranch_tools\ranch_tools_desktop_app\django_project
2025-09-01T07:44:36.660Z: Python Path: C:\Users\Paul\workspace\code\ranch_tools\ranch_tools_desktop_app\electron_wrapper\python-embed\python.exe
2025-09-01T07:44:36.662Z: Django Path exists: true
2025-09-01T07:44:36.664Z: Python Path exists: true
2025-09-01T08:12:25.435Z: Starting Django server...
2025-09-01T08:12:25.510Z: isDev: true
2025-09-01T08:12:25.511Z: Django Path: C:\Users\Paul\workspace\code\ranch_tools\ranch_tools_desktop_app\django_project
2025-09-01T08:12:25.513Z: Python Path: C:\Users\Paul\workspace\code\ranch_tools\ranch_tools_desktop_app\electron_wrapper\python-embed\python.exe
2025-09-01T08:12:25.518Z: Django Path exists: true
2025-09-01T08:12:25.520Z: Python Path exists: true
2025-09-01T08:12:34.410Z: Django Error: [01/Sep/2025 01:12:34] "GET /pregchecks HTTP/1.1" 301 0

2025-09-01T08:12:35.349Z: Django Error: [01/Sep/2025 01:12:35] "GET /pregchecks/ HTTP/1.1" 200 8780

2025-09-01T08:12:36.773Z: Django Error: [01/Sep/2025 01:12:36] "GET /pregchecks/previous-pregchecks/ HTTP/1.1" 200 1399

2025-09-01T08:12:36.788Z: Django Error: [01/Sep/2025 01:12:36] "GET /pregchecks/summary-stats/?stats_breeding_season=2024 HTTP/1.1" 200 202

2025-09-01T08:35:01.802Z: Starting Django server...
2025-09-01T08:35:01.884Z: isDev: true
2025-09-01T08:35:01.885Z: Django Path: C:\Users\Paul\workspace\code\ranch_tools\ranch_tools_desktop_app\django_project
2025-09-01T08:35:01.887Z: Python Path: C:\Users\Paul\workspace\code\ranch_tools\ranch_tools_desktop_app\electron_wrapper\python-embed\python.exe
2025-09-01T08:35:01.889Z: Django Path exists: true
2025-09-01T08:35:01.891Z: Python Path exists: true
2025-09-01T08:35:11.762Z: Django Error: [01/Sep/2025 01:35:11] "GET /pregchecks HTTP/1.1" 301 0

2025-09-01T08:35:12.791Z: Django Error: [01/Sep/2025 01:35:12] "GET /pregchecks/ HTTP/1.1" 200 8780

2025-09-01T08:35:13.273Z: Django Error: [01/Sep/2025 01:35:13] "GET /static/preg_check/js/script.js HTTP/1.1" 304 0

2025-09-01T08:35:13.316Z: Django Error: [01/Sep/2025 01:35:13] "GET /static/preg_check/css/styles.css HTTP/1.1" 304 0

2025-09-01T08:35:14.390Z: Django Error: [01/Sep/2025 01:35:14] "GET /pregchecks/summary-stats/?stats_breeding_season=2024 HTTP/1.1" 200 202

2025-09-01T08:35:14.466Z: Django Error: [01/Sep/2025 01:35:14] "GET /pregchecks/previous-pregchecks/ HTTP/1.1" 200 1399

2025-09-01T08:38:20.891Z: Starting Django server...
2025-09-01T08:38:20.897Z: isDev: true
2025-09-01T08:38:20.899Z: Django Path: C:\Users\Paul\workspace\code\ranch_tools\ranch_tools_desktop_app\django_project
2025-09-01T08:38:20.901Z: Python Path: C:\Users\Paul\workspace\code\ranch_tools\ranch_tools_desktop_app\electron_wrapper\python-embed\python.exe
2025-09-01T08:38:20.903Z: Django Path exists: true
2025-09-01T08:38:20.906Z: Python Path exists: true
2025-09-01T08:38:41.517Z: Django is ready!
2025-09-01T08:38:41.645Z: Django Error: [01/Sep/2025 01:38:41] "GET /pregchecks HTTP/1.1" 301 0

2025-09-01T08:38:42.732Z: Django Error: [01/Sep/2025 01:38:42] "GET /pregchecks/ HTTP/1.1" 200 8780

2025-09-01T08:38:46.802Z: Django Error: [01/Sep/2025 01:38:46] "GET /pregchecks/summary-stats/?stats_breeding_season=2024 HTTP/1.1" 200 202

2025-09-01T08:38:46.960Z: Django Error: [01/Sep/2025 01:38:46] "GET /pregchecks/previous-pregchecks/ HTTP/1.1" 200 1399

2025-09-01T08:45:54.977Z: Starting Django server...
2025-09-01T08:45:54.982Z: isDev: true
2025-09-01T08:45:54.983Z: Django Path: C:\Users\Paul\workspace\code\ranch_tools\ranch_tools_desktop_app\django_project
2025-09-01T08:45:54.984Z: Python Path: C:\Users\Paul\workspace\code\ranch_tools\ranch_tools_desktop_app\electron_wrapper\python-embed\python.exe
2025-09-01T08:45:54.986Z: Django Path exists: true
2025-09-01T08:45:54.989Z: Python Path exists: true
2025-09-01T08:46:12.427Z: Django is ready!
2025-09-01T08:46:12.571Z: Django Error: [01/Sep/2025 01:46:12] "GET /pregchecks HTTP/1.1" 301 0

2025-09-01T08:46:13.981Z: Django Error: [01/Sep/2025 01:46:13] "GET /pregchecks/ HTTP/1.1" 200 8780

2025-09-01T08:46:17.676Z: Django Error: [01/Sep/2025 01:46:17] "GET /pregchecks/summary-stats/?stats_breeding_season=2024 HTTP/1.1" 200 202

2025-09-01T08:46:17.688Z: Django Error: [01/Sep/2025 01:46:17] "GET /pregchecks/previous-pregchecks/ HTTP/1.1" 200 1399

2025-09-01T15:20:38.581Z: Starting Django server...
2025-09-01T15:20:38.593Z: isDev: true
2025-09-01T15:20:38.595Z: Django Path: C:\Users\Paul\workspace\code\ranch_tools\ranch_tools_desktop_app\django_project
2025-09-01T15:20:38.598Z: Python Path: C:\Users\Paul\workspace\code\ranch_tools\ranch_tools_desktop_app\electron_wrapper\python-embed\python.exe
2025-09-01T15:20:38.600Z: Django Path exists: true
2025-09-01T15:20:38.601Z: Python Path exists: true
2025-09-01T15:21:00.588Z: Django is ready!
2025-09-01T15:21:00.628Z: Django Error: [01/Sep/2025 08:21:00] "GET /pregchecks HTTP/1.1" 301 0

2025-09-01T15:21:03.577Z: Django Error: [01/Sep/2025 08:21:03] "GET /pregchecks/ HTTP/1.1" 200 8780

2025-09-01T15:21:03.812Z: Django Error: [01/Sep/2025 08:21:03] "GET /static/preg_check/css/styles.css HTTP/1.1" 304 0

2025-09-01T15:21:03.870Z: Django Error: [01/Sep/2025 08:21:03] "GET /static/preg_check/js/script.js HTTP/1.1" 304 0

2025-09-01T15:21:04.970Z: Django Error: [01/Sep/2025 08:21:04] "GET /pregchecks/previous-pregchecks/ HTTP/1.1" 200 1399

2025-09-01T15:21:05.000Z: Django Error: [01/Sep/2025 08:21:04] "GET /pregchecks/summary-stats/?stats_breeding_season=2024 HTTP/1.1" 200 202

